[3.736s] DEBUG:colcon:Command line arguments: ['/usr/bin/colcon', 'build']
[3.737s] DEBUG:colcon:Parsed command line arguments: Namespace(allow_overriding=[], ament_cmake_args=None, base_paths=['.'], build_base='build', catkin_cmake_args=None, catkin_skip_building_tests=False, cmake_args=None, cmake_clean_cache=False, cmake_clean_first=False, cmake_force_configure=False, cmake_target=None, cmake_target_skip_unavailable=False, continue_on_error=False, event_handlers=None, executor='parallel', ignore_user_meta=False, install_base='install', log_base=None, log_level=None, main=<bound method BuildVerb.main of <colcon_core.verb.build.BuildVerb object at 0xffff9c0cc040>>, merge_install=False, metas=['./colcon.meta'], packages_above=None, packages_above_and_dependencies=None, packages_above_depth=None, packages_end=None, packages_ignore=None, packages_ignore_regex=None, packages_select=None, packages_select_build_failed=False, packages_select_by_dep=None, packages_select_regex=None, packages_select_test_failures=False, packages_skip=None, packages_skip_build_finished=False, packages_skip_by_dep=None, packages_skip_regex=None, packages_skip_test_passed=False, packages_skip_up_to=None, packages_start=None, packages_up_to=None, packages_up_to_regex=None, parallel_workers=4, paths=None, symlink_install=False, test_result_base=None, verb_extension=<colcon_core.verb.build.BuildVerb object at 0xffff9c0cc040>, verb_name='build', verb_parser=<colcon_defaults.argument_parser.defaults.DefaultArgumentsDecorator object at 0xffff9c0cc550>)
[4.270s] Level 1:colcon.colcon_core.package_discovery:discover_packages(colcon_meta) check parameters
[4.272s] Level 1:colcon.colcon_core.package_discovery:discover_packages(recursive) check parameters
[4.273s] Level 1:colcon.colcon_core.package_discovery:discover_packages(ignore) check parameters
[4.274s] Level 1:colcon.colcon_core.package_discovery:discover_packages(path) check parameters
[4.274s] Level 1:colcon.colcon_core.package_discovery:discover_packages(colcon_meta) discover
[4.276s] Level 1:colcon.colcon_core.package_discovery:discover_packages(recursive) discover
[4.277s] INFO:colcon.colcon_core.package_discovery:Crawling recursively for packages in '/home/ubuntu/ros_lat/src/ROS2-Simple-Robot/robot_q/script'
[4.278s] Level 1:colcon.colcon_core.package_identification:_identify(.) by extensions ['ignore', 'ignore_ament_install']
[4.280s] Level 1:colcon.colcon_core.package_identification:_identify(.) by extension 'ignore'
[4.282s] Level 1:colcon.colcon_core.package_identification:_identify(.) by extension 'ignore_ament_install'
[4.283s] Level 1:colcon.colcon_core.package_identification:_identify(.) by extensions ['colcon_pkg']
[4.284s] Level 1:colcon.colcon_core.package_identification:_identify(.) by extension 'colcon_pkg'
[4.285s] Level 1:colcon.colcon_core.package_identification:_identify(.) by extensions ['colcon_meta']
[4.286s] Level 1:colcon.colcon_core.package_identification:_identify(.) by extension 'colcon_meta'
[4.287s] Level 1:colcon.colcon_core.package_identification:_identify(.) by extensions ['ros']
[4.288s] Level 1:colcon.colcon_core.package_identification:_identify(.) by extension 'ros'
[4.547s] Level 1:colcon.colcon_core.package_identification:_identify(.) by extensions ['cmake', 'python']
[4.547s] Level 1:colcon.colcon_core.package_identification:_identify(.) by extension 'cmake'
[4.549s] Level 1:colcon.colcon_core.package_identification:_identify(.) by extension 'python'
[4.550s] Level 1:colcon.colcon_core.package_identification:_identify(.) by extensions ['python_setup_py']
[4.551s] Level 1:colcon.colcon_core.package_identification:_identify(.) by extension 'python_setup_py'
[4.553s] Level 1:colcon.colcon_core.package_identification:_identify(build) by extensions ['ignore', 'ignore_ament_install']
[4.555s] Level 1:colcon.colcon_core.package_identification:_identify(build) by extension 'ignore'
[4.556s] Level 1:colcon.colcon_core.package_identification:_identify(build) ignored
[4.558s] Level 1:colcon.colcon_core.package_identification:_identify(install) by extensions ['ignore', 'ignore_ament_install']
[4.560s] Level 1:colcon.colcon_core.package_identification:_identify(install) by extension 'ignore'
[4.562s] Level 1:colcon.colcon_core.package_identification:_identify(install) ignored
[4.564s] Level 1:colcon.colcon_core.package_identification:_identify(log) by extensions ['ignore', 'ignore_ament_install']
[4.566s] Level 1:colcon.colcon_core.package_identification:_identify(log) by extension 'ignore'
[4.567s] Level 1:colcon.colcon_core.package_identification:_identify(log) ignored
[4.567s] Level 1:colcon.colcon_core.package_discovery:discover_packages(recursive) using defaults
[4.569s] Level 1:colcon.colcon_core.package_discovery:discover_packages(ignore) discover
[4.569s] Level 1:colcon.colcon_core.package_discovery:discover_packages(ignore) using defaults
[4.570s] Level 1:colcon.colcon_core.package_discovery:discover_packages(path) discover
[4.570s] Level 1:colcon.colcon_core.package_discovery:discover_packages(path) using defaults
[5.125s] Level 1:colcon.colcon_core.package_discovery:discover_packages(prefix_path) check parameters
[5.126s] Level 1:colcon.colcon_core.package_discovery:discover_packages(prefix_path) discover
[5.212s] DEBUG:colcon.colcon_installed_package_information.package_discovery:Found 168 installed packages in /opt/ros/foxy
[5.235s] Level 1:colcon.colcon_core.package_discovery:discover_packages(prefix_path) using defaults
[6.296s] INFO:colcon.colcon_core.executor:Executing jobs using 'parallel' executor
[6.423s] DEBUG:colcon.colcon_parallel_executor.executor.parallel:run_until_complete
[6.425s] DEBUG:colcon.colcon_parallel_executor.executor.parallel:closing loop
[6.427s] DEBUG:colcon.colcon_parallel_executor.executor.parallel:loop closed
[6.428s] DEBUG:colcon.colcon_parallel_executor.executor.parallel:run_until_complete finished with '0'
[6.429s] DEBUG:colcon.colcon_core.event_reactor:joining thread
[6.570s] INFO:colcon.colcon_core.plugin_system:Skipping extension 'colcon_notification.desktop_notification.notify_send': Could not find 'notify-send'
[6.572s] INFO:colcon.colcon_core.plugin_system:Skipping extension 'colcon_notification.desktop_notification.terminal_notifier': Not used on non-Darwin systems
[6.574s] INFO:colcon.colcon_core.plugin_system:Skipping extension 'colcon_notification.desktop_notification.win32': Not used on non-Windows systems
[6.575s] INFO:colcon.colcon_notification.desktop_notification:Sending desktop notification using 'notify2'
[6.633s] DEBUG:colcon.colcon_notification.desktop_notification.notify2:Failed to initialize notify2: org.freedesktop.DBus.Error.ServiceUnknown: The name org.freedesktop.Notifications was not provided by any .service files
[6.635s] DEBUG:colcon.colcon_core.event_reactor:joined thread
[6.748s] INFO:colcon.colcon_core.plugin_system:Skipping extension 'colcon_core.shell.bat': Not used on non-Windows systems
[6.753s] INFO:colcon.colcon_core.shell:Creating prefix script '/home/ubuntu/ros_lat/src/ROS2-Simple-Robot/robot_q/script/install/local_setup.ps1'
[6.774s] INFO:colcon.colcon_core.shell:Creating prefix util module '/home/ubuntu/ros_lat/src/ROS2-Simple-Robot/robot_q/script/install/_local_setup_util_ps1.py'
[6.804s] INFO:colcon.colcon_core.shell:Creating prefix chain script '/home/ubuntu/ros_lat/src/ROS2-Simple-Robot/robot_q/script/install/setup.ps1'
[6.833s] INFO:colcon.colcon_core.shell:Creating prefix script '/home/ubuntu/ros_lat/src/ROS2-Simple-Robot/robot_q/script/install/local_setup.sh'
[6.846s] INFO:colcon.colcon_core.shell:Creating prefix util module '/home/ubuntu/ros_lat/src/ROS2-Simple-Robot/robot_q/script/install/_local_setup_util_sh.py'
[6.858s] INFO:colcon.colcon_core.shell:Creating prefix chain script '/home/ubuntu/ros_lat/src/ROS2-Simple-Robot/robot_q/script/install/setup.sh'
[6.888s] INFO:colcon.colcon_core.shell:Creating prefix script '/home/ubuntu/ros_lat/src/ROS2-Simple-Robot/robot_q/script/install/local_setup.bash'
[6.903s] INFO:colcon.colcon_core.shell:Creating prefix chain script '/home/ubuntu/ros_lat/src/ROS2-Simple-Robot/robot_q/script/install/setup.bash'
[6.930s] INFO:colcon.colcon_core.shell:Creating prefix script '/home/ubuntu/ros_lat/src/ROS2-Simple-Robot/robot_q/script/install/local_setup.zsh'
[6.945s] INFO:colcon.colcon_core.shell:Creating prefix chain script '/home/ubuntu/ros_lat/src/ROS2-Simple-Robot/robot_q/script/install/setup.zsh'
