[2.650s] DEBUG:colcon:Command line arguments: ['/usr/bin/colcon', 'build']
[2.651s] DEBUG:colcon:Parsed command line arguments: Namespace(allow_overriding=[], ament_cmake_args=None, base_paths=['.'], build_base='build', catkin_cmake_args=None, catkin_skip_building_tests=False, cmake_args=None, cmake_clean_cache=False, cmake_clean_first=False, cmake_force_configure=False, cmake_target=None, cmake_target_skip_unavailable=False, continue_on_error=False, event_handlers=None, executor='parallel', ignore_user_meta=False, install_base='install', log_base=None, log_level=None, main=<bound method BuildVerb.main of <colcon_core.verb.build.BuildVerb object at 0xffffb0f62e80>>, merge_install=False, metas=['./colcon.meta'], packages_above=None, packages_above_and_dependencies=None, packages_above_depth=None, packages_end=None, packages_ignore=None, packages_ignore_regex=None, packages_select=None, packages_select_build_failed=False, packages_select_by_dep=None, packages_select_regex=None, packages_select_test_failures=False, packages_skip=None, packages_skip_build_finished=False, packages_skip_by_dep=None, packages_skip_regex=None, packages_skip_test_passed=False, packages_skip_up_to=None, packages_start=None, packages_up_to=None, packages_up_to_regex=None, parallel_workers=4, paths=None, symlink_install=False, test_result_base=None, verb_extension=<colcon_core.verb.build.BuildVerb object at 0xffffb0f62e80>, verb_name='build', verb_parser=<colcon_defaults.argument_parser.defaults.DefaultArgumentsDecorator object at 0xffffb0f6d430>)
[3.050s] Level 1:colcon.colcon_core.package_discovery:discover_packages(colcon_meta) check parameters
[3.051s] Level 1:colcon.colcon_core.package_discovery:discover_packages(recursive) check parameters
[3.052s] Level 1:colcon.colcon_core.package_discovery:discover_packages(ignore) check parameters
[3.053s] Level 1:colcon.colcon_core.package_discovery:discover_packages(path) check parameters
[3.053s] Level 1:colcon.colcon_core.package_discovery:discover_packages(colcon_meta) discover
[3.054s] Level 1:colcon.colcon_core.package_discovery:discover_packages(recursive) discover
[3.055s] INFO:colcon.colcon_core.package_discovery:Crawling recursively for packages in '/home/ubuntu/ros_lat/src/ROS2-Simple-Robot/robot_q/script'
[3.057s] Level 1:colcon.colcon_core.package_identification:_identify(.) by extensions ['ignore', 'ignore_ament_install']
[3.058s] Level 1:colcon.colcon_core.package_identification:_identify(.) by extension 'ignore'
[3.059s] Level 1:colcon.colcon_core.package_identification:_identify(.) by extension 'ignore_ament_install'
[3.061s] Level 1:colcon.colcon_core.package_identification:_identify(.) by extensions ['colcon_pkg']
[3.062s] Level 1:colcon.colcon_core.package_identification:_identify(.) by extension 'colcon_pkg'
[3.062s] Level 1:colcon.colcon_core.package_identification:_identify(.) by extensions ['colcon_meta']
[3.063s] Level 1:colcon.colcon_core.package_identification:_identify(.) by extension 'colcon_meta'
[3.064s] Level 1:colcon.colcon_core.package_identification:_identify(.) by extensions ['ros']
[3.065s] Level 1:colcon.colcon_core.package_identification:_identify(.) by extension 'ros'
[3.272s] Level 1:colcon.colcon_core.package_identification:_identify(.) by extensions ['cmake', 'python']
[3.273s] Level 1:colcon.colcon_core.package_identification:_identify(.) by extension 'cmake'
[3.275s] Level 1:colcon.colcon_core.package_identification:_identify(.) by extension 'python'
[3.276s] Level 1:colcon.colcon_core.package_identification:_identify(.) by extensions ['python_setup_py']
[3.277s] Level 1:colcon.colcon_core.package_identification:_identify(.) by extension 'python_setup_py'
[3.279s] Level 1:colcon.colcon_core.package_identification:_identify(build) by extensions ['ignore', 'ignore_ament_install']
[3.282s] Level 1:colcon.colcon_core.package_identification:_identify(build) by extension 'ignore'
[3.283s] Level 1:colcon.colcon_core.package_identification:_identify(build) ignored
[3.286s] Level 1:colcon.colcon_core.package_identification:_identify(install) by extensions ['ignore', 'ignore_ament_install']
[3.288s] Level 1:colcon.colcon_core.package_identification:_identify(install) by extension 'ignore'
[3.289s] Level 1:colcon.colcon_core.package_identification:_identify(install) ignored
[3.292s] Level 1:colcon.colcon_core.package_identification:_identify(log) by extensions ['ignore', 'ignore_ament_install']
[3.294s] Level 1:colcon.colcon_core.package_identification:_identify(log) by extension 'ignore'
[3.295s] Level 1:colcon.colcon_core.package_identification:_identify(log) ignored
[3.297s] Level 1:colcon.colcon_core.package_discovery:discover_packages(recursive) using defaults
[3.298s] Level 1:colcon.colcon_core.package_discovery:discover_packages(ignore) discover
[3.299s] Level 1:colcon.colcon_core.package_discovery:discover_packages(ignore) using defaults
[3.300s] Level 1:colcon.colcon_core.package_discovery:discover_packages(path) discover
[3.301s] Level 1:colcon.colcon_core.package_discovery:discover_packages(path) using defaults
[3.809s] Level 1:colcon.colcon_core.package_discovery:discover_packages(prefix_path) check parameters
[3.810s] Level 1:colcon.colcon_core.package_discovery:discover_packages(prefix_path) discover
[3.878s] DEBUG:colcon.colcon_installed_package_information.package_discovery:Found 168 installed packages in /opt/ros/foxy
[3.901s] Level 1:colcon.colcon_core.package_discovery:discover_packages(prefix_path) using defaults
[4.837s] INFO:colcon.colcon_core.executor:Executing jobs using 'parallel' executor
[4.924s] DEBUG:colcon.colcon_parallel_executor.executor.parallel:run_until_complete
[4.926s] DEBUG:colcon.colcon_parallel_executor.executor.parallel:closing loop
[4.928s] DEBUG:colcon.colcon_parallel_executor.executor.parallel:loop closed
[4.930s] DEBUG:colcon.colcon_parallel_executor.executor.parallel:run_until_complete finished with '0'
[4.931s] DEBUG:colcon.colcon_core.event_reactor:joining thread
[5.043s] INFO:colcon.colcon_core.plugin_system:Skipping extension 'colcon_notification.desktop_notification.notify_send': Could not find 'notify-send'
[5.046s] INFO:colcon.colcon_core.plugin_system:Skipping extension 'colcon_notification.desktop_notification.terminal_notifier': Not used on non-Darwin systems
[5.048s] INFO:colcon.colcon_core.plugin_system:Skipping extension 'colcon_notification.desktop_notification.win32': Not used on non-Windows systems
[5.049s] INFO:colcon.colcon_notification.desktop_notification:Sending desktop notification using 'notify2'
[5.063s] DEBUG:colcon.colcon_notification.desktop_notification.notify2:Failed to initialize notify2: org.freedesktop.DBus.Error.ServiceUnknown: The name org.freedesktop.Notifications was not provided by any .service files
[5.065s] DEBUG:colcon.colcon_core.event_reactor:joined thread
[5.184s] INFO:colcon.colcon_core.plugin_system:Skipping extension 'colcon_core.shell.bat': Not used on non-Windows systems
[5.190s] INFO:colcon.colcon_core.shell:Creating prefix script '/home/ubuntu/ros_lat/src/ROS2-Simple-Robot/robot_q/script/install/local_setup.ps1'
[5.208s] INFO:colcon.colcon_core.shell:Creating prefix util module '/home/ubuntu/ros_lat/src/ROS2-Simple-Robot/robot_q/script/install/_local_setup_util_ps1.py'
[5.235s] INFO:colcon.colcon_core.shell:Creating prefix chain script '/home/ubuntu/ros_lat/src/ROS2-Simple-Robot/robot_q/script/install/setup.ps1'
[5.258s] INFO:colcon.colcon_core.shell:Creating prefix script '/home/ubuntu/ros_lat/src/ROS2-Simple-Robot/robot_q/script/install/local_setup.sh'
[5.269s] INFO:colcon.colcon_core.shell:Creating prefix util module '/home/ubuntu/ros_lat/src/ROS2-Simple-Robot/robot_q/script/install/_local_setup_util_sh.py'
[5.279s] INFO:colcon.colcon_core.shell:Creating prefix chain script '/home/ubuntu/ros_lat/src/ROS2-Simple-Robot/robot_q/script/install/setup.sh'
[5.304s] INFO:colcon.colcon_core.shell:Creating prefix script '/home/ubuntu/ros_lat/src/ROS2-Simple-Robot/robot_q/script/install/local_setup.bash'
[5.316s] INFO:colcon.colcon_core.shell:Creating prefix chain script '/home/ubuntu/ros_lat/src/ROS2-Simple-Robot/robot_q/script/install/setup.bash'
[5.339s] INFO:colcon.colcon_core.shell:Creating prefix script '/home/ubuntu/ros_lat/src/ROS2-Simple-Robot/robot_q/script/install/local_setup.zsh'
[5.350s] INFO:colcon.colcon_core.shell:Creating prefix chain script '/home/ubuntu/ros_lat/src/ROS2-Simple-Robot/robot_q/script/install/setup.zsh'
